<?xml version="1.0" encoding="UTF-8"?>
<!-- Generated by org.testng.reporters.JUnitReportReporter -->
<testsuite skipped="0" hostname="PC316048" name="com.alphonso.tests.AlphonsoSearchAsset" tests="1" failures="0" timestamp="07 Jan 2019 11:12:42 GMT" time="11.720" errors="0">
  <testcase name="alphonsoSearch" time="11.720" classname="com.alphonso.tests.AlphonsoSearchAsset"/>
</testsuite> <!-- com.alphonso.tests.AlphonsoSearchAsset -->
