<?xml version="1.0" encoding="UTF-8"?>
<!-- Generated by org.testng.reporters.JUnitReportReporter -->
<testsuite skipped="0" hostname="PC316048" name="com.alphonso.tests.AlphonsoLogin" tests="1" failures="0" timestamp="07 Jan 2019 11:12:42 GMT" time="12.133" errors="0">
  <testcase name="alphonsoLogin" time="12.133" classname="com.alphonso.tests.AlphonsoLogin"/>
</testsuite> <!-- com.alphonso.tests.AlphonsoLogin -->
